Determining if the pthread_create exist failed with the following output:
Change Dir: /home/workspace/myrobot/build/CMakeFiles/CMakeTmp

Run Build Command:"/usr/bin/make" "cmTC_0c27b/fast"
/usr/bin/make -f CMakeFiles/cmTC_0c27b.dir/build.make CMakeFiles/cmTC_0c27b.dir/build
make[1]: Entering directory '/home/workspace/myrobot/build/CMakeFiles/CMakeTmp'
Building C object CMakeFiles/cmTC_0c27b.dir/CheckSymbolExists.c.o
/usr/bin/cc     -o CMakeFiles/cmTC_0c27b.dir/CheckSymbolExists.c.o   -c /home/workspace/myrobot/build/CMakeFiles/CMakeTmp/CheckSymbolExists.c
Linking C executable cmTC_0c27b
/usr/bin/cmake -E cmake_link_script CMakeFiles/cmTC_0c27b.dir/link.txt --verbose=1
/usr/bin/cc       CMakeFiles/cmTC_0c27b.dir/CheckSymbolExists.c.o  -o cmTC_0c27b -rdynamic 
CMakeFiles/cmTC_0c27b.dir/CheckSymbolExists.c.o: In function `main':
CheckSymbolExists.c:(.text+0x16): undefined reference to `pthread_create'
collect2: error: ld returned 1 exit status
CMakeFiles/cmTC_0c27b.dir/build.make:97: recipe for target 'cmTC_0c27b' failed
make[1]: *** [cmTC_0c27b] Error 1
make[1]: Leaving directory '/home/workspace/myrobot/build/CMakeFiles/CMakeTmp'
Makefile:126: recipe for target 'cmTC_0c27b/fast' failed
make: *** [cmTC_0c27b/fast] Error 2

File /home/workspace/myrobot/build/CMakeFiles/CMakeTmp/CheckSymbolExists.c:
/* */
#include <pthread.h>

int main(int argc, char** argv)
{
  (void)argv;
#ifndef pthread_create
  return ((int*)(&pthread_create))[argc];
#else
  (void)argc;
  return 0;
#endif
}

Determining if the function pthread_create exists in the pthreads failed with the following output:
Change Dir: /home/workspace/myrobot/build/CMakeFiles/CMakeTmp

Run Build Command:"/usr/bin/make" "cmTC_71303/fast"
/usr/bin/make -f CMakeFiles/cmTC_71303.dir/build.make CMakeFiles/cmTC_71303.dir/build
make[1]: Entering directory '/home/workspace/myrobot/build/CMakeFiles/CMakeTmp'
Building C object CMakeFiles/cmTC_71303.dir/CheckFunctionExists.c.o
/usr/bin/cc    -DCHECK_FUNCTION_EXISTS=pthread_create   -o CMakeFiles/cmTC_71303.dir/CheckFunctionExists.c.o   -c /usr/share/cmake-3.5/Modules/CheckFunctionExists.c
Linking C executable cmTC_71303
/usr/bin/cmake -E cmake_link_script CMakeFiles/cmTC_71303.dir/link.txt --verbose=1
/usr/bin/cc   -DCHECK_FUNCTION_EXISTS=pthread_create    CMakeFiles/cmTC_71303.dir/CheckFunctionExists.c.o  -o cmTC_71303 -rdynamic -lpthreads 
/usr/bin/ld: cannot find -lpthreads
collect2: error: ld returned 1 exit status
CMakeFiles/cmTC_71303.dir/build.make:97: recipe for target 'cmTC_71303' failed
make[1]: *** [cmTC_71303] Error 1
make[1]: Leaving directory '/home/workspace/myrobot/build/CMakeFiles/CMakeTmp'
Makefile:126: recipe for target 'cmTC_71303/fast' failed
make: *** [cmTC_71303/fast] Error 2


